\BOOKMARK [0][-]{chapter*.1}{Voorwoord}{}% 1
\BOOKMARK [0][-]{chapter*.2}{Samenvatting}{}% 2
\BOOKMARK [0][-]{chapter*.3}{Lijst\040van\040figuren\040en\040tabellen}{}% 3
\BOOKMARK [0][-]{chapter.1}{Inleiding}{}% 4
\BOOKMARK [0][-]{chapter.2}{Context}{}% 5
\BOOKMARK [1][-]{section.2.1}{Relevantie\040monitoren\040mobiele\040applicaties}{chapter.2}% 6
\BOOKMARK [1][-]{section.2.2}{Development\040Scenarios}{chapter.2}% 7
\BOOKMARK [0][-]{chapter.3}{Doelstelling}{}% 8
\BOOKMARK [1][-]{section.3.1}{Library}{chapter.3}% 9
\BOOKMARK [1][-]{section.3.2}{Data\040Visualisatie}{chapter.3}% 10
\BOOKMARK [0][-]{chapter.4}{Architectuur}{}% 11
\BOOKMARK [1][-]{section.4.1}{Component\040Diagram}{chapter.4}% 12
\BOOKMARK [1][-]{section.4.2}{Deployment\040Diagram}{chapter.4}% 13
\BOOKMARK [1][-]{section.4.3}{Belangrijkste\040flows}{chapter.4}% 14
\BOOKMARK [1][-]{section.4.4}{Uitbreidingen}{chapter.4}% 15
\BOOKMARK [0][-]{chapter.5}{Implementatie}{}% 16
\BOOKMARK [1][-]{section.5.1}{Details\040Implementatie}{chapter.5}% 17
\BOOKMARK [1][-]{section.5.2}{Aggregatie}{chapter.5}% 18
\BOOKMARK [1][-]{section.5.3}{Openstaande\040uitdagingen}{chapter.5}% 19
\BOOKMARK [0][-]{chapter.6}{Tutorial}{}% 20
\BOOKMARK [1][-]{section.6.1}{Installatie}{chapter.6}% 21
\BOOKMARK [1][-]{section.6.2}{Initialisatie}{chapter.6}% 22
\BOOKMARK [1][-]{section.6.3}{Counter}{chapter.6}% 23
\BOOKMARK [1][-]{section.6.4}{Gauge}{chapter.6}% 24
\BOOKMARK [1][-]{section.6.5}{Histogram}{chapter.6}% 25
\BOOKMARK [1][-]{section.6.6}{Timer}{chapter.6}% 26
\BOOKMARK [1][-]{section.6.7}{Meter}{chapter.6}% 27
\BOOKMARK [0][-]{chapter.7}{Evaluatie}{}% 28
\BOOKMARK [1][-]{section.7.1}{Performance}{chapter.7}% 29
\BOOKMARK [1][-]{section.7.2}{Schaalbaarheid}{chapter.7}% 30
\BOOKMARK [1][-]{section.7.3}{Developer\040effort}{chapter.7}% 31
\BOOKMARK [1][-]{section.7.4}{Conclusie\040en\040bespreking\040resultaten}{chapter.7}% 32
\BOOKMARK [0][-]{chapter.8}{Besluit}{}% 33
\BOOKMARK [0][-]{appendix.A}{IEEE\040Artikel}{}% 34
\BOOKMARK [0][-]{appendix.B}{Poster\040Tracklytics}{}% 35
\BOOKMARK [0][-]{section*.48}{Bibliografie}{}% 36
