This is XeTeX, Version 3.14159265-2.6-0.99992 (TeX Live 2015) (preloaded format=xelatex 2015.11.14)  12 APR 2016 23:20
entering extended mode
 restricted \write18 enabled.
 %&-line parsing enabled.
**masterproef.tex
(./masterproef.tex
LaTeX2e <2015/01/01>
Babel <3.9l> and hyphenation patterns for 79 languages loaded.
(./kulemt.cls
Document Class: kulemt 2015/05/25 v1.8 KU Leuven engineering master thesis docu
ment class
(/usr/local/texlive/2015/texmf-dist/tex/latex/graphics/keyval.sty
Package: keyval 2014/10/28 v1.15 key=value parser (DPC)
\KV@toks@=\toks14
)
\kulemt@bind=\dimen102

(/usr/local/texlive/2015/texmf-dist/tex/latex/base/inputenc.sty
Package: inputenc 2015/03/17 v1.2c Input encoding file
\inpenc@prehook=\toks15
\inpenc@posthook=\toks16


Package inputenc Warning: inputenc can't be used to ensure 7bit clean source
(inputenc)                with a utf engine: Package ignored: utf8 assumed.

)
\kulemt@facnum=\count79
 (./kulemt.cfg
File: kulemt.cfg 2013/05/01
)
(/usr/local/texlive/2015/texmf-dist/tex/latex/memoir/memoir.cls
Document Class: memoir 2015/04/23 v3.7d configurable book, report, article docu
ment class
\onelineskip=\skip41
\lxvchars=\skip42
\xlvchars=\skip43
\@memcnta=\count80
\c@@memmarkcntra=\count81
(/usr/local/texlive/2015/texmf-dist/tex/generic/oberdiek/ifpdf.sty
Package: ifpdf 2011/01/30 v2.3 Provides the ifpdf switch (HO)
Package ifpdf Info: pdfTeX in PDF mode is not detected.
)
(/usr/local/texlive/2015/texmf-dist/tex/latex/ifetex/ifetex.sty
Package: ifetex 2011/12/15 v1.2 ifetex

(/usr/local/texlive/2015/texmf-dist/tex/plain/ifetex/ifetex.tex))
(/usr/local/texlive/2015/texmf-dist/tex/generic/ifxetex/ifxetex.sty
Package: ifxetex 2010/09/12 v0.6 Provides ifxetex conditional
)
(/usr/local/texlive/2015/texmf-dist/tex/generic/oberdiek/ifluatex.sty
Package: ifluatex 2010/03/01 v1.3 Provides the ifluatex switch (HO)
Package ifluatex Info: LuaTeX not detected.
)
\stockheight=\skip44
\stockwidth=\skip45
\trimtop=\skip46
\trimedge=\skip47

(/usr/local/texlive/2015/texmf-dist/tex/latex/etex-pkg/etex.sty
Package: etex 2015/03/02 v2.1 eTeX basic definition package (PEB,DPC)
\et@xins=\count82
)
(/usr/local/texlive/2015/texmf-dist/tex/latex/memoir/mem11.clo
File: mem11.clo 2008/01/30 v0.3 memoir class 11pt size option
)
\binding=\skip48
\spinemargin=\skip49
\foremargin=\skip50
\uppermargin=\skip51
\lowermargin=\skip52
\headdrop=\skip53
\normalrulethickness=\skip54
\mem@maxheadheight=\skip55
\mem@maxfootheight=\skip56
\headwidth=\skip57
\c@storedpagenumber=\count83
\memPD=\dimen103
\m@mabparskip=\skip58
\thanksmarkwidth=\skip59
\thanksmarksep=\skip60
\droptitle=\skip61
\c@book=\count84
\c@part=\count85
\c@chapter=\count86
\c@section=\count87
\c@subsection=\count88
\c@subsubsection=\count89
\c@paragraph=\count90
\c@subparagraph=\count91
\beforechapskip=\skip62
\midchapskip=\skip63
\afterchapskip=\skip64
\chapindent=\skip65
\bottomsectionskip=\skip66
\secindent=\skip67
\beforesecskip=\skip68
\aftersecskip=\skip69
\subsecindent=\skip70
\beforesubsecskip=\skip71
\aftersubsecskip=\skip72
\subsubsecindent=\skip73
\beforesubsubsecskip=\skip74
\aftersubsubsecskip=\skip75
\paraindent=\skip76
\beforeparaskip=\skip77
\afterparaskip=\skip78
\subparaindent=\skip79
\beforesubparaskip=\skip80
\aftersubparaskip=\skip81
\pfbreakskip=\skip82
\c@@ppsavesec=\count92
\c@@ppsaveapp=\count93
\ragrparindent=\dimen104
\everylistparindent=\dimen105
\parsepi=\skip83
\topsepi=\skip84
\itemsepi=\skip85
\parsepii=\skip86
\topsepii=\skip87
\topsepiii=\skip88
\itemsepii=\skip89
\itemsepiii=\skip90
\partopsepii=\skip91
\partopsepiii=\skip92
\m@msavetopsep=\skip93
\m@msavepartopsep=\skip94
\@enLab=\toks17
\abstitleskip=\skip95
\absleftindent=\skip96
\abs@leftindent=\dimen106
\absrightindent=\skip97
\absparindent=\skip98
\absparsep=\skip99
\c@vslineno=\count94
\c@poemline=\count95
\c@modulo@vs=\count96
\c@memfvsline=\count97
\vleftskip=\skip100
\vrightskip=\skip101
\stanzaskip=\skip102
\versewidth=\skip103
\vgap=\skip104
\vindent=\skip105
\vleftmargin=\dimen107
\c@verse=\count98
\c@chrsinstr=\count99
\beforepoemtitleskip=\skip106
\afterpoemtitleskip=\skip107
\c@poem=\count100
\beforePoemTitleskip=\skip108
\midPoemTitleskip=\skip109
\afterPoemTitleskip=\skip110
\col@sep=\dimen108
\extrarowheight=\dimen109
\NC@list=\toks18
\extratabsurround=\skip111
\backup@length=\skip112
\TX@col@width=\dimen110
\TX@old@table=\dimen111
\TX@old@col=\dimen112
\TX@target=\dimen113
\TX@delta=\dimen114
\TX@cols=\count101
\TX@ftn=\toks19
\heavyrulewidth=\dimen115
\lightrulewidth=\dimen116
\cmidrulewidth=\dimen117
\belowrulesep=\dimen118
\belowbottomsep=\dimen119
\aboverulesep=\dimen120
\abovetopsep=\dimen121
\cmidrulesep=\dimen122
\cmidrulekern=\dimen123
\defaultaddspace=\dimen124
\@cmidla=\count102
\@cmidlb=\count103
\@aboverulesep=\dimen125
\@belowrulesep=\dimen126
\@thisruleclass=\count104
\@lastruleclass=\count105
\@thisrulewidth=\dimen127
\ctableftskip=\skip113
\ctabrightskip=\skip114
\abovecolumnspenalty=\count106
\@linestogo=\count107
\@cellstogo=\count108
\@cellsincolumn=\count109
\crtok=\toks20
\@mincolumnwidth=\dimen128
\c@newflo@tctr=\count110
\mem@margin@floatbox=\box26
\@contcwidth=\skip115
\@contindw=\skip116
\abovecaptionskip=\skip117
\belowcaptionskip=\skip118
\subfloattopskip=\skip119
\subfloatcapskip=\skip120
\subfloatcaptopadj=\skip121
\subfloatbottomskip=\skip122
\subfloatlabelskip=\skip123
\subfloatcapmargin=\dimen129
\c@@contsubnum=\count111
\m@mscap@capbox=\box27
\m@mscap@fbox=\box28
\sidecapsep=\dimen130
\sidecapwidth=\dimen131
\m@m@tempdima=\dimen132
\m@mscapraise=\dimen133
\sidecapraise=\dimen134
\m@mscapmainwidth=\dimen135
\m@mscaplkern=\dimen136
\beforeepigraphskip=\skip124
\afterepigraphskip=\skip125
\epigraphwidth=\skip126
\epigraphrule=\skip127
LaTeX Info: Redefining \em on input line 7533.
LaTeX Info: Redefining \emph on input line 7541.
\tocentryskip=\skip128
\tocbaseline=\skip129
\cftparskip=\skip130
\cftbeforebookskip=\skip131
\cftbookindent=\dimen137
\cftbooknumwidth=\dimen138
\cftbeforepartskip=\skip132
\cftpartindent=\skip133
\cftpartnumwidth=\skip134
\cftbeforechapterskip=\skip135
\cftchapterindent=\skip136
\cftchapternumwidth=\skip137
\cftbeforesectionskip=\skip138
\cftsectionindent=\skip139
\cftsectionnumwidth=\skip140
\cftbeforesubsectionskip=\skip141
\cftsubsectionindent=\skip142
\cftsubsectionnumwidth=\skip143
\cftbeforesubsubsectionskip=\skip144
\cftsubsubsectionindent=\skip145
\cftsubsubsectionnumwidth=\skip146
\cftbeforeparagraphskip=\skip147
\cftparagraphindent=\skip148
\cftparagraphnumwidth=\skip149
\cftbeforesubparagraphskip=\skip150
\cftsubparagraphindent=\skip151
\cftsubparagraphnumwidth=\skip152
\prechapterprecisshift=\dimen139
\c@maxsecnumdepth=\count112
\bibindent=\dimen140
\bibitemsep=\skip153
\indexcolsep=\skip154
\indexrule=\skip155
\indexmarkstyle=\toks21
\@indexbox=\insert233
\glossarycolsep=\dimen141
\glossaryrule=\dimen142
\sideparvshift=\skip156
\sideins=\insert232
\sidebartopsep=\skip157
\sidebarhsep=\skip158
\sidebarvsep=\skip159
\sidebarwidth=\skip160
\footmarkwidth=\skip161
\footmarksep=\skip162
\footparindent=\skip163
\footinsdim=\skip164
\footinsv@r=\insert231
\@mpfootinsv@r=\insert230
\m@m@k=\count113
\m@m@h=\dimen143
\m@mipn@skip=\skip165
\sidefootins=\insert229
\sidefootadjust=\skip166
\sidefootheight=\skip167
\sidefoothsep=\skip168
\sidefootvsep=\skip169
\sidefootwidth=\skip170
\m@mdownsf=\skip171
\c@sidefootnote=\count114
\sidefootmarkwidth=\skip172
\sidefootmarksep=\skip173
\sidefootparindent=\skip174
\c@pagenote=\count115
\c@pagenoteshadow=\count116
\mem@pn@lastkern=\skip175
\every@verbatim=\toks22
\afterevery@verbatim=\toks23
\verbatim@line=\toks24
\tab@position=\count117
\verbatim@in@stream=\read1
\verbatimindent=\skip176
\verbatim@out=\write3
\bvboxsep=\skip177
\c@memfbvline=\count118
\c@bvlinectr=\count119
\bvnumlength=\skip178
\fb@frw=\dimen144
\fb@frh=\dimen145
\FrameRule=\dimen146
\FrameSep=\dimen147
\c@cp@cntr=\count120
LaTeX Info: Redefining \: on input line 12050.
LaTeX Info: Redefining \! on input line 12052.
\c@ism@mctr=\count121
\c@xsm@mctr=\count122
\c@csm@mctr=\count123
\c@ksm@mctr=\count124
\c@xksm@mctr=\count125
\c@cksm@mctr=\count126
\c@msm@mctr=\count127
\c@xmsm@mctr=\count128
\c@cmsm@mctr=\count129
\c@bsm@mctr=\count130
\c@workm@mctr=\count131
\c@sheetsequence=\count132
\c@lastsheet=\count133
\c@lastpage=\count134
\c@figure=\count135
\c@lofdepth=\count136
\cftbeforefigureskip=\skip179
\cftfigureindent=\skip180
\cftfigurenumwidth=\skip181
\c@table=\count137
\c@lotdepth=\count138
\cftbeforetableskip=\skip182
\cfttableindent=\skip183
\cfttablenumwidth=\skip184
Package abstract [2008/07/23] emulated by memoir.
Package appendix [2008/07/23] emulated by memoir.
Package array [2008/09/09] emulated by memoir.
Package booktabs [2008/07/23] emulated by memoir.
Package ccaption [2008/07/23] emulated by memoir.
Package changepage [2008/07/23] emulated by memoir.
Package chngcntr [2008/07/23] emulated by memoir.
Package chngpage [2008/07/23] emulated by memoir.
Package crop emulated by memoir.
Package dcolumn [2008/07/23] emulated by memoir.
Package delarray [2008/07/23] emulated by memoir.
Package enumerate [2008/07/23] emulated by memoir.
Package epigraph [2008/07/23] emulated by memoir.
Package ifmtarg [2008/07/23] emulated by memoir.
Package index [2008/07/23] emulated by memoir.
Package makeidx [2008/07/23] emulated by memoir.
Package moreverb [2008/07/23] emulated by memoir.
Package mparhack [2008/07/23] emulated by memoir.
Package needspace [2008/07/23] emulated by memoir.
Package newfile [2008/07/23] emulated by memoir.
Package nextpage [2008/07/23] emulated by memoir.
Package pagenote [2008/07/23] emulated by memoir.
Package parskip [2008/07/23] emulated by memoir.
Package patchcmd [2008/07/23] emulated by memoir.
Package setspace [2008/07/23] emulated by memoir.
Package shortvrb [2008/07/23] emulated by memoir.
Package showidx [2008/07/23] emulated by memoir.
Package tabularx [2008/07/23] emulated by memoir.
Package titleref [2008/07/23] emulated by memoir.
Package titling [2008/07/23] emulated by memoir.
Package tocbibind [2008/07/23] emulated by memoir.
Package tocloft [2008/07/23] emulated by memoir.
Package tocvsec2 [2008/07/23] emulated by memoir.
Package verbatim [2008/07/23] emulated by memoir.
Package verse [2008/07/23] emulated by memoir.

(/usr/local/texlive/2015/texmf-dist/tex/latex/memoir/mempatch.sty
Package: mempatch 2009/07/24 v6.0f Patches for memoir class v1.6180339
))
(/usr/local/texlive/2015/texmf-dist/tex/generic/babel/babel.sty
Package: babel 2014/09/25 3.9l The Babel package

(/usr/local/texlive/2015/texmf-dist/tex/generic/babel-english/english.ldf
Language: english 2012/08/20 v3.3p English support from the babel system

(/usr/local/texlive/2015/texmf-dist/tex/generic/babel/babel.def
File: babel.def 2014/09/25 3.9l Babel common definitions
\babel@savecnt=\count139
\U@D=\dimen148

(/usr/local/texlive/2015/texmf-dist/tex/generic/babel/xebabel.def))
\l@canadian = a dialect from \language\l@american 
\l@australian = a dialect from \language\l@british 
\l@newzealand = a dialect from \language\l@british 
)
(/usr/local/texlive/2015/texmf-dist/tex/generic/babel-dutch/dutch.ldf
Language: dutch 2005/03/30 v3.8i Dutch support from the babel system
Package babel Info: Making " an active character on input line 132.
))
(/usr/local/texlive/2015/texmf-dist/tex/latex/graphics/graphicx.sty
Package: graphicx 2014/10/28 v1.0g Enhanced LaTeX Graphics (DPC,SPQR)

(/usr/local/texlive/2015/texmf-dist/tex/latex/graphics/graphics.sty
Package: graphics 2014/10/28 v1.0p Standard LaTeX Graphics (DPC,SPQR)

(/usr/local/texlive/2015/texmf-dist/tex/latex/graphics/trig.sty
Package: trig 1999/03/16 v1.09 sin cos tan (DPC)
)
(/usr/local/texlive/2015/texmf-dist/tex/latex/latexconfig/graphics.cfg
File: graphics.cfg 2010/04/23 v1.9 graphics configuration of TeX Live
)
Package graphics Info: Driver file: xetex.def on input line 94.

(/usr/local/texlive/2015/texmf-dist/tex/xelatex/xetex-def/xetex.def
File: xetex.def 2015/03/25 v4.04 LaTeX color/graphics driver for XeTeX (TeX Liv
e/RRM/JK)
))
\Gin@req@height=\dimen149
\Gin@req@width=\dimen150
)
(/usr/local/texlive/2015/texmf-dist/tex/latex/graphics/color.sty
Package: color 2014/10/28 v1.1a Standard LaTeX Color (DPC)

(/usr/local/texlive/2015/texmf-dist/tex/latex/latexconfig/color.cfg
File: color.cfg 2007/01/18 v1.5 color configuration of teTeX/TeXLive
)
Package color Info: Driver file: xetex.def on input line 142.
)

Class kulemt Warning: Package `microtype' not used because
(kulemt)              you're not using pdflatex in pdf mode.

(/usr/local/texlive/2015/texmf-dist/tex/latex/base/fontenc.sty
Package: fontenc 2005/09/27 v1.99g Standard LaTeX package

(/usr/local/texlive/2015/texmf-dist/tex/latex/base/t1enc.def
File: t1enc.def 2005/09/27 v1.99g Standard LaTeX file
LaTeX Font Info:    Redeclaring font encoding T1 on input line 48.
)
(/usr/local/texlive/2015/texmf-dist/tex/latex/base/ot1enc.def
File: ot1enc.def 2005/09/27 v1.99g Standard LaTeX file
LaTeX Font Info:    Redeclaring font encoding OT1 on input line 48.
)))
(/usr/local/texlive/2015/texmf-dist/tex/latex/base/fontenc.sty
Package: fontenc 2005/09/27 v1.99g Standard LaTeX package

(/usr/local/texlive/2015/texmf-dist/tex/latex/base/t1enc.def
File: t1enc.def 2005/09/27 v1.99g Standard LaTeX file
LaTeX Font Info:    Redeclaring font encoding T1 on input line 48.
))
(/usr/local/texlive/2015/texmf-dist/tex/latex/lm/lmodern.sty
Package: lmodern 2009/10/30 v1.6 Latin Modern Fonts
LaTeX Font Info:    Overwriting symbol font `operators' in version `normal'
(Font)                  OT1/cmr/m/n --> OT1/lmr/m/n on input line 22.
LaTeX Font Info:    Overwriting symbol font `letters' in version `normal'
(Font)                  OML/cmm/m/it --> OML/lmm/m/it on input line 23.
LaTeX Font Info:    Overwriting symbol font `symbols' in version `normal'
(Font)                  OMS/cmsy/m/n --> OMS/lmsy/m/n on input line 24.
LaTeX Font Info:    Overwriting symbol font `largesymbols' in version `normal'
(Font)                  OMX/cmex/m/n --> OMX/lmex/m/n on input line 25.
LaTeX Font Info:    Overwriting symbol font `operators' in version `bold'
(Font)                  OT1/cmr/bx/n --> OT1/lmr/bx/n on input line 26.
LaTeX Font Info:    Overwriting symbol font `letters' in version `bold'
(Font)                  OML/cmm/b/it --> OML/lmm/b/it on input line 27.
LaTeX Font Info:    Overwriting symbol font `symbols' in version `bold'
(Font)                  OMS/cmsy/b/n --> OMS/lmsy/b/n on input line 28.
LaTeX Font Info:    Overwriting symbol font `largesymbols' in version `bold'
(Font)                  OMX/cmex/m/n --> OMX/lmex/m/n on input line 29.
LaTeX Font Info:    Overwriting math alphabet `\mathbf' in version `normal'
(Font)                  OT1/cmr/bx/n --> OT1/lmr/bx/n on input line 31.
LaTeX Font Info:    Overwriting math alphabet `\mathsf' in version `normal'
(Font)                  OT1/cmss/m/n --> OT1/lmss/m/n on input line 32.
LaTeX Font Info:    Overwriting math alphabet `\mathit' in version `normal'
(Font)                  OT1/cmr/m/it --> OT1/lmr/m/it on input line 33.
LaTeX Font Info:    Overwriting math alphabet `\mathtt' in version `normal'
(Font)                  OT1/cmtt/m/n --> OT1/lmtt/m/n on input line 34.
LaTeX Font Info:    Overwriting math alphabet `\mathbf' in version `bold'
(Font)                  OT1/cmr/bx/n --> OT1/lmr/bx/n on input line 35.
LaTeX Font Info:    Overwriting math alphabet `\mathsf' in version `bold'
(Font)                  OT1/cmss/bx/n --> OT1/lmss/bx/n on input line 36.
LaTeX Font Info:    Overwriting math alphabet `\mathit' in version `bold'
(Font)                  OT1/cmr/bx/it --> OT1/lmr/bx/it on input line 37.
LaTeX Font Info:    Overwriting math alphabet `\mathtt' in version `bold'
(Font)                  OT1/cmtt/m/n --> OT1/lmtt/m/n on input line 38.
)
(/usr/local/texlive/2015/texmf-dist/tex/latex/hyperref/hyperref.sty
Package: hyperref 2012/11/06 v6.83m Hypertext links for LaTeX

(/usr/local/texlive/2015/texmf-dist/tex/generic/oberdiek/hobsub-hyperref.sty
Package: hobsub-hyperref 2012/05/28 v1.13 Bundle oberdiek, subset hyperref (HO)


(/usr/local/texlive/2015/texmf-dist/tex/generic/oberdiek/hobsub-generic.sty
Package: hobsub-generic 2012/05/28 v1.13 Bundle oberdiek, subset generic (HO)
Package: hobsub 2012/05/28 v1.13 Construct package bundles (HO)
Package: infwarerr 2010/04/08 v1.3 Providing info/warning/error messages (HO)
Package: ltxcmds 2011/11/09 v1.22 LaTeX kernel commands for general use (HO)
Package hobsub Info: Skipping package `ifluatex' (already loaded).
Package: ifvtex 2010/03/01 v1.5 Detect VTeX and its facilities (HO)
Package ifvtex Info: VTeX not detected.
Package: intcalc 2007/09/27 v1.1 Expandable calculations with integers (HO)
Package hobsub Info: Skipping package `ifpdf' (already loaded).
Package: etexcmds 2011/02/16 v1.5 Avoid name clashes with e-TeX commands (HO)
Package etexcmds Info: Could not find \expanded.
(etexcmds)             That can mean that you are not using pdfTeX 1.50 or
(etexcmds)             that some package has redefined \expanded.
(etexcmds)             In the latter case, load this package earlier.
Package: kvsetkeys 2012/04/25 v1.16 Key value parser (HO)
Package: kvdefinekeys 2011/04/07 v1.3 Define keys (HO)
Package: pdftexcmds 2011/11/29 v0.20 Utility functions of pdfTeX for LuaTeX (HO
)
Package pdftexcmds Info: LuaTeX not detected.
Package pdftexcmds Info: pdfTeX >= 1.30 not detected.
Package pdftexcmds Info: \pdf@primitive is available.
Package pdftexcmds Info: \pdf@ifprimitive is available.
Package pdftexcmds Info: \pdfdraftmode not found.
Package: pdfescape 2011/11/25 v1.13 Implements pdfTeX's escape features (HO)
Package: bigintcalc 2012/04/08 v1.3 Expandable calculations on big integers (HO
)
Package: bitset 2011/01/30 v1.1 Handle bit-vector datatype (HO)
Package: uniquecounter 2011/01/30 v1.2 Provide unlimited unique counter (HO)
)
Package hobsub Info: Skipping package `hobsub' (already loaded).
Package: letltxmacro 2010/09/02 v1.4 Let assignment for LaTeX macros (HO)
Package: hopatch 2012/05/28 v1.2 Wrapper for package hooks (HO)
Package: xcolor-patch 2011/01/30 xcolor patch
Package: atveryend 2011/06/30 v1.8 Hooks at the very end of document (HO)
Package atveryend Info: \enddocument detected (standard20110627).
Package: atbegshi 2011/10/05 v1.16 At begin shipout hook (HO)
Package: refcount 2011/10/16 v3.4 Data extraction from label references (HO)
Package: hycolor 2011/01/30 v1.7 Color options for hyperref/bookmark (HO)
)
(/usr/local/texlive/2015/texmf-dist/tex/latex/oberdiek/auxhook.sty
Package: auxhook 2011/03/04 v1.3 Hooks for auxiliary files (HO)
)
(/usr/local/texlive/2015/texmf-dist/tex/latex/oberdiek/kvoptions.sty
Package: kvoptions 2011/06/30 v3.11 Key value format for package options (HO)
)
\@linkdim=\dimen151
\Hy@linkcounter=\count140
\Hy@pagecounter=\count141

(/usr/local/texlive/2015/texmf-dist/tex/latex/hyperref/pd1enc.def
File: pd1enc.def 2012/11/06 v6.83m Hyperref: PDFDocEncoding definition (HO)
)
\Hy@SavedSpaceFactor=\count142

(/usr/local/texlive/2015/texmf-dist/tex/latex/latexconfig/hyperref.cfg
File: hyperref.cfg 2002/06/06 v1.2 hyperref configuration of TeXLive
)
Package hyperref Info: Option `pdfusetitle' set `true' on input line 4319.
Package hyperref Info: Option `colorlinks' set `true' on input line 4319.
Package hyperref Info: Option `plainpages' set `false' on input line 4319.
Package hyperref Info: Hyper figures OFF on input line 4443.
Package hyperref Info: Link nesting OFF on input line 4448.
Package hyperref Info: Hyper index ON on input line 4451.
Package hyperref Info: Plain pages OFF on input line 4458.
Package hyperref Info: Backreferencing OFF on input line 4463.
Package hyperref Info: Implicit mode ON; LaTeX internals redefined.
Package hyperref Info: Bookmarks ON on input line 4688.
\c@Hy@tempcnt=\count143

(/usr/local/texlive/2015/texmf-dist/tex/latex/url/url.sty
\Urlmuskip=\muskip10
Package: url 2013/09/16  ver 3.4  Verb mode for urls, etc.
)
LaTeX Info: Redefining \url on input line 5041.
\XeTeXLinkMargin=\dimen152
\Fld@menulength=\count144
\Field@Width=\dimen153
\Fld@charsize=\dimen154
Package hyperref Info: Hyper figures OFF on input line 6295.
Package hyperref Info: Link nesting OFF on input line 6300.
Package hyperref Info: Hyper index ON on input line 6303.
Package hyperref Info: backreferencing OFF on input line 6310.
Package hyperref Info: Link coloring ON on input line 6313.
Package hyperref Info: Link coloring with OCG OFF on input line 6320.
Package hyperref Info: PDF/A mode OFF on input line 6325.
LaTeX Info: Redefining \ref on input line 6365.
LaTeX Info: Redefining \pageref on input line 6369.
\Hy@abspage=\count145
\c@Item=\count146
\c@Hfootnote=\count147
)
(/usr/local/texlive/2015/texmf-dist/tex/latex/memoir/memhfixc.sty
Package: memhfixc 2013/05/30 v1.17 nameref/hyperref package fixes for memoir cl
ass
\c@memhycontfloat=\count148
\c@Hpagenote=\count149
)

Package hyperref Message: Driver (autodetected): hxetex.

(/usr/local/texlive/2015/texmf-dist/tex/latex/hyperref/hxetex.def
File: hxetex.def 2012/11/06 v6.83m Hyperref driver for XeTeX

(/usr/local/texlive/2015/texmf-dist/tex/latex/hyperref/puenc.def
File: puenc.def 2012/11/06 v6.83m Hyperref: PDF Unicode definition (HO)
)
(/usr/local/texlive/2015/texmf-dist/tex/generic/oberdiek/stringenc.sty
Package: stringenc 2011/12/02 v1.10 Convert strings between diff. encodings (HO
)
)
\pdfm@box=\box29
\c@Hy@AnnotLevel=\count150
\HyField@AnnotCount=\count151
\Fld@listcount=\count152
\c@bookmark@seq@number=\count153

(/usr/local/texlive/2015/texmf-dist/tex/latex/oberdiek/rerunfilecheck.sty
Package: rerunfilecheck 2011/04/15 v1.7 Rerun checks for auxiliary files (HO)
Package rerunfilecheck Info: Feature \pdfmdfivesum is not available
(rerunfilecheck)             (e.g. pdfTeX or LuaTeX with package `pdftexcmds').

(rerunfilecheck)             Therefore file contents cannot be checked efficien
tly
(rerunfilecheck)             and the loading of the package is aborted.
)
\Hy@SectionHShift=\skip185
)
(/usr/local/texlive/2015/texmf-dist/tex/latex/lipsum/lipsum.sty
Package: lipsum 2014/07/27 v1.3 150 paragraphs of Lorem Ipsum dummy text
\c@lips@count=\count154
)
(./masterproef.aux (./context.aux) (./doelstelling.aux) (./architectuur.aux)
(./implementatie.aux))
\openout1 = `masterproef.aux'.

LaTeX Font Info:    Checking defaults for OML/cmm/m/it on input line 47.
LaTeX Font Info:    ... okay on input line 47.
LaTeX Font Info:    Checking defaults for T1/cmr/m/n on input line 47.
LaTeX Font Info:    ... okay on input line 47.
LaTeX Font Info:    Checking defaults for OT1/cmr/m/n on input line 47.
LaTeX Font Info:    ... okay on input line 47.
LaTeX Font Info:    Checking defaults for OMS/cmsy/m/n on input line 47.
LaTeX Font Info:    ... okay on input line 47.
LaTeX Font Info:    Checking defaults for OMX/cmex/m/n on input line 47.
LaTeX Font Info:    ... okay on input line 47.
LaTeX Font Info:    Checking defaults for U/cmr/m/n on input line 47.
LaTeX Font Info:    ... okay on input line 47.
LaTeX Font Info:    Checking defaults for PD1/pdf/m/n on input line 47.
LaTeX Font Info:    ... okay on input line 47.
LaTeX Font Info:    Checking defaults for PU/pdf/m/n on input line 47.
LaTeX Font Info:    ... okay on input line 47.
LaTeX Font Info:    Try loading font information for T1+lmr on input line 47.

(/usr/local/texlive/2015/texmf-dist/tex/latex/lm/t1lmr.fd
File: t1lmr.fd 2009/10/30 v1.6 Font defs for Latin Modern
)

******************************************************
Stock height and width: 845.04684pt by 597.50787pt
Top and edge trims: 0pt and 0pt
Page height and width: 845.04684pt by 597.50787pt
Text height and width: 609.40027pt by 398pt
Spine and edge margins: 79.6665pt and 119.50279pt
Upper and lower margins: 106.09436pt and 129.55222pt
Headheight and headsep: 13.6pt and 19.8738pt
Footskip: 27.46295pt
Columnsep and columnseprule: 10pt and 0pt
Marginparsep and marginparwidth: 16.31996pt and 86.86287pt
Sidecapsep and sidecapwidth: 7pt and 101pt
Sidebarhsep and sidebarwidth: 7pt and 101pt
Sidebarvsep and sidebartopsep: 13.6pt and 0pt
Sidebarheight: 594.32022pt
Sidefoothsep and sidefootwidth: 7pt and 101pt
Sidefootvsep and sidefootheight: 13.6pt and 594.32022pt
******************************************************

\AtBeginShipoutBox=\box30
Package hyperref Info: Link coloring ON on input line 47.
(/usr/local/texlive/2015/texmf-dist/tex/latex/hyperref/nameref.sty
Package: nameref 2012/10/27 v2.43 Cross-referencing by name of section

(/usr/local/texlive/2015/texmf-dist/tex/generic/oberdiek/gettitlestring.sty
Package: gettitlestring 2010/12/03 v1.4 Cleanup title references (HO)
)
\c@section@level=\count155
)
Redoing nameref's sectioning
Redoing nameref's label
LaTeX Info: Redefining \nameref on input line 47.
LaTeX Info: Redefining \ref on input line 47.
LaTeX Info: Redefining \pageref on input line 47.
LaTeX Info: Redefining \nameref on input line 47.
(./masterproef.out) (./masterproef.out)
\@outlinefile=\write4
\openout4 = `masterproef.out'.

File: logokuleng.pdf Graphic file (type QTm)
 <use  "logokuleng.pdf" >
Package babel Info: Redefining dutch shorthand "|
(babel)             in language  on input line 47.
Package babel Info: Redefining dutch shorthand "~
(babel)             in language  on input line 47.
Package babel Info: Redefining dutch shorthand "y
(babel)             in language  on input line 47.
Package babel Info: Redefining dutch shorthand "Y
(babel)             in language  on input line 47.

(/usr/local/texlive/2015/texmf-dist/tex/generic/oberdiek/se-ascii-print.def
File: se-ascii-print.def 2011/12/02 v1.10 stringenc: Printable ASCII characters

)
Package babel Info: Redefining dutch shorthand "|
(babel)             in language  on input line 47.
Package babel Info: Redefining dutch shorthand "~
(babel)             in language  on input line 47.
Package babel Info: Redefining dutch shorthand "y
(babel)             in language  on input line 47.
Package babel Info: Redefining dutch shorthand "Y
(babel)             in language  on input line 47.
Package babel Info: Redefining dutch shorthand "|
(babel)             in language  on input line 47.
Package babel Info: Redefining dutch shorthand "~
(babel)             in language  on input line 47.
Package babel Info: Redefining dutch shorthand "y
(babel)             in language  on input line 47.
Package babel Info: Redefining dutch shorthand "Y
(babel)             in language  on input line 47.
Package babel Info: Redefining dutch shorthand "|
(babel)             in language  on input line 47.
Package babel Info: Redefining dutch shorthand "~
(babel)             in language  on input line 47.
Package babel Info: Redefining dutch shorthand "y
(babel)             in language  on input line 47.
Package babel Info: Redefining dutch shorthand "Y
(babel)             in language  on input line 47.

[-1


]
LaTeX Font Info:    Try loading font information for OMS+lmr on input line 47.
 (/usr/local/texlive/2015/texmf-dist/tex/latex/lm/omslmr.fd
File: omslmr.fd 2009/10/30 v1.6 Font defs for Latin Modern
)
LaTeX Font Info:    Try loading font information for OMS+lmsy on input line 47.


(/usr/local/texlive/2015/texmf-dist/tex/latex/lm/omslmsy.fd
File: omslmsy.fd 2009/10/30 v1.6 Font defs for Latin Modern
)
LaTeX Font Info:    Font shape `OMS/lmr/m/n' in size <10.95> not available
(Font)              Font shape `OMS/lmsy/m/n' tried instead on input line 47.
LaTeX Font Info:    Try loading font information for T1+lmtt on input line 47.

(/usr/local/texlive/2015/texmf-dist/tex/latex/lm/t1lmtt.fd
File: t1lmtt.fd 2009/10/30 v1.6 Font defs for Latin Modern
)
Package babel Info: Redefining dutch shorthand "|
(babel)             in language  on input line 47.
Package babel Info: Redefining dutch shorthand "~
(babel)             in language  on input line 47.
Package babel Info: Redefining dutch shorthand "y
(babel)             in language  on input line 47.
Package babel Info: Redefining dutch shorthand "Y
(babel)             in language  on input line 47.
Package babel Info: Redefining dutch shorthand "|
(babel)             in language  on input line 47.
Package babel Info: Redefining dutch shorthand "~
(babel)             in language  on input line 47.
Package babel Info: Redefining dutch shorthand "y
(babel)             in language  on input line 47.
Package babel Info: Redefining dutch shorthand "Y
(babel)             in language  on input line 47.
 [0


]
Package babel Info: Redefining dutch shorthand "|
(babel)             in language  on input line 50.
Package babel Info: Redefining dutch shorthand "~
(babel)             in language  on input line 50.
Package babel Info: Redefining dutch shorthand "y
(babel)             in language  on input line 50.
Package babel Info: Redefining dutch shorthand "Y
(babel)             in language  on input line 50.
Package babel Info: Redefining dutch shorthand "|
(babel)             in language  on input line 53.
Package babel Info: Redefining dutch shorthand "~
(babel)             in language  on input line 53.
Package babel Info: Redefining dutch shorthand "y
(babel)             in language  on input line 53.
Package babel Info: Redefining dutch shorthand "Y
(babel)             in language  on input line 53.
Package babel Info: Redefining dutch shorthand "|
(babel)             in language  on input line 53.
Package babel Info: Redefining dutch shorthand "~
(babel)             in language  on input line 53.
Package babel Info: Redefining dutch shorthand "y
(babel)             in language  on input line 53.
Package babel Info: Redefining dutch shorthand "Y
(babel)             in language  on input line 53.
 [1



]
(./masterproef.toc
LaTeX Font Info:    Try loading font information for OT1+lmr on input line 8.
 (/usr/local/texlive/2015/texmf-dist/tex/latex/lm/ot1lmr.fd
File: ot1lmr.fd 2009/10/30 v1.6 Font defs for Latin Modern
)
LaTeX Font Info:    Try loading font information for OML+lmm on input line 8.

(/usr/local/texlive/2015/texmf-dist/tex/latex/lm/omllmm.fd
File: omllmm.fd 2009/10/30 v1.6 Font defs for Latin Modern
)
LaTeX Font Info:    Try loading font information for OMX+lmex on input line 8.

(/usr/local/texlive/2015/texmf-dist/tex/latex/lm/omxlmex.fd
File: omxlmex.fd 2009/10/30 v1.6 Font defs for Latin Modern
)
LaTeX Font Info:    External font `lmex10' loaded for size
(Font)              <10.95> on input line 8.
LaTeX Font Info:    External font `lmex10' loaded for size
(Font)              <8> on input line 8.
LaTeX Font Info:    External font `lmex10' loaded for size
(Font)              <6> on input line 8.
)
Package babel Info: Redefining dutch shorthand "|
(babel)             in language  on input line 57.
Package babel Info: Redefining dutch shorthand "~
(babel)             in language  on input line 57.
Package babel Info: Redefining dutch shorthand "y
(babel)             in language  on input line 57.
Package babel Info: Redefining dutch shorthand "Y
(babel)             in language  on input line 57.
Package babel Info: Redefining dutch shorthand "|
(babel)             in language  on input line 57.
Package babel Info: Redefining dutch shorthand "~
(babel)             in language  on input line 57.
Package babel Info: Redefining dutch shorthand "y
(babel)             in language  on input line 57.
Package babel Info: Redefining dutch shorthand "Y
(babel)             in language  on input line 57.
 [2


]
Package babel Info: Redefining dutch shorthand "|
(babel)             in language  on input line 57.
Package babel Info: Redefining dutch shorthand "~
(babel)             in language  on input line 57.
Package babel Info: Redefining dutch shorthand "y
(babel)             in language  on input line 57.
Package babel Info: Redefining dutch shorthand "Y
(babel)             in language  on input line 57.
Package babel Info: Redefining dutch shorthand "|
(babel)             in language  on input line 63.
Package babel Info: Redefining dutch shorthand "~
(babel)             in language  on input line 63.
Package babel Info: Redefining dutch shorthand "y
(babel)             in language  on input line 63.
Package babel Info: Redefining dutch shorthand "Y
(babel)             in language  on input line 63.
Package babel Info: Redefining dutch shorthand "|
(babel)             in language  on input line 63.
Package babel Info: Redefining dutch shorthand "~
(babel)             in language  on input line 63.
Package babel Info: Redefining dutch shorthand "y
(babel)             in language  on input line 63.
Package babel Info: Redefining dutch shorthand "Y
(babel)             in language  on input line 63.
 [3

]
Package babel Info: Redefining dutch shorthand "|
(babel)             in language  on input line 69.
Package babel Info: Redefining dutch shorthand "~
(babel)             in language  on input line 69.
Package babel Info: Redefining dutch shorthand "y
(babel)             in language  on input line 69.
Package babel Info: Redefining dutch shorthand "Y
(babel)             in language  on input line 69.

(./masterproef.lof) (./masterproef.lot)
Package babel Info: Redefining dutch shorthand "|
(babel)             in language  on input line 75.
Package babel Info: Redefining dutch shorthand "~
(babel)             in language  on input line 75.
Package babel Info: Redefining dutch shorthand "y
(babel)             in language  on input line 75.
Package babel Info: Redefining dutch shorthand "Y
(babel)             in language  on input line 75.
Package babel Info: Redefining dutch shorthand "|
(babel)             in language  on input line 75.
Package babel Info: Redefining dutch shorthand "~
(babel)             in language  on input line 75.
Package babel Info: Redefining dutch shorthand "y
(babel)             in language  on input line 75.
Package babel Info: Redefining dutch shorthand "Y
(babel)             in language  on input line 75.
 [4


]
\openout2 = `context.aux'.

 (./context.tex
Package babel Info: Redefining dutch shorthand "|
(babel)             in language  on input line 1.
Package babel Info: Redefining dutch shorthand "~
(babel)             in language  on input line 1.
Package babel Info: Redefining dutch shorthand "y
(babel)             in language  on input line 1.
Package babel Info: Redefining dutch shorthand "Y
(babel)             in language  on input line 1.
Package babel Info: Redefining dutch shorthand "|
(babel)             in language  on input line 3.
Package babel Info: Redefining dutch shorthand "~
(babel)             in language  on input line 3.
Package babel Info: Redefining dutch shorthand "y
(babel)             in language  on input line 3.
Package babel Info: Redefining dutch shorthand "Y
(babel)             in language  on input line 3.

Underfull \hbox (badness 10000) in paragraph at lines 4--6

 []


Underfull \hbox (badness 10000) in paragraph at lines 7--9

 []


Underfull \vbox (badness 4108) has occurred while \output is active []

Package babel Info: Redefining dutch shorthand "|
(babel)             in language  on input line 9.
Package babel Info: Redefining dutch shorthand "~
(babel)             in language  on input line 9.
Package babel Info: Redefining dutch shorthand "y
(babel)             in language  on input line 9.
Package babel Info: Redefining dutch shorthand "Y
(babel)             in language  on input line 9.
Package babel Info: Redefining dutch shorthand "|
(babel)             in language  on input line 9.
Package babel Info: Redefining dutch shorthand "~
(babel)             in language  on input line 9.
Package babel Info: Redefining dutch shorthand "y
(babel)             in language  on input line 9.
Package babel Info: Redefining dutch shorthand "Y
(babel)             in language  on input line 9.
 [1



]
Underfull \hbox (badness 10000) in paragraph at lines 11--13

 []


Underfull \hbox (badness 10000) in paragraph at lines 15--17

 []

Package babel Info: Redefining dutch shorthand "|
(babel)             in language  on input line 17.
Package babel Info: Redefining dutch shorthand "~
(babel)             in language  on input line 17.
Package babel Info: Redefining dutch shorthand "y
(babel)             in language  on input line 17.
Package babel Info: Redefining dutch shorthand "Y
(babel)             in language  on input line 17.
Package babel Info: Redefining dutch shorthand "|
(babel)             in language  on input line 17.
Package babel Info: Redefining dutch shorthand "~
(babel)             in language  on input line 17.
Package babel Info: Redefining dutch shorthand "y
(babel)             in language  on input line 17.
Package babel Info: Redefining dutch shorthand "Y
(babel)             in language  on input line 17.
[2]
Underfull \hbox (badness 10000) in paragraph at lines 26--27

 []


Underfull \hbox (badness 10000) in paragraph at lines 29--30

 []

Package babel Info: Redefining dutch shorthand "|
(babel)             in language  on input line 32.
Package babel Info: Redefining dutch shorthand "~
(babel)             in language  on input line 32.
Package babel Info: Redefining dutch shorthand "y
(babel)             in language  on input line 32.
Package babel Info: Redefining dutch shorthand "Y
(babel)             in language  on input line 32.

Underfull \vbox (badness 10000) has occurred while \output is active []

Package babel Info: Redefining dutch shorthand "|
(babel)             in language  on input line 35.
Package babel Info: Redefining dutch shorthand "~
(babel)             in language  on input line 35.
Package babel Info: Redefining dutch shorthand "y
(babel)             in language  on input line 35.
Package babel Info: Redefining dutch shorthand "Y
(babel)             in language  on input line 35.
Package babel Info: Redefining dutch shorthand "|
(babel)             in language  on input line 35.
Package babel Info: Redefining dutch shorthand "~
(babel)             in language  on input line 35.
Package babel Info: Redefining dutch shorthand "y
(babel)             in language  on input line 35.
Package babel Info: Redefining dutch shorthand "Y
(babel)             in language  on input line 35.
 [3]
Underfull \hbox (badness 10000) in paragraph at lines 44--45

 []


Underfull \hbox (badness 10000) in paragraph at lines 48--49

 []

Package babel Info: Redefining dutch shorthand "|
(babel)             in language  on input line 55.
Package babel Info: Redefining dutch shorthand "~
(babel)             in language  on input line 55.
Package babel Info: Redefining dutch shorthand "y
(babel)             in language  on input line 55.
Package babel Info: Redefining dutch shorthand "Y
(babel)             in language  on input line 55.
Package babel Info: Redefining dutch shorthand "|
(babel)             in language  on input line 55.
Package babel Info: Redefining dutch shorthand "~
(babel)             in language  on input line 55.
Package babel Info: Redefining dutch shorthand "y
(babel)             in language  on input line 55.
Package babel Info: Redefining dutch shorthand "Y
(babel)             in language  on input line 55.
[4]
Underfull \hbox (badness 10000) in paragraph at lines 59--60

 []


Underfull \hbox (badness 10000) in paragraph at lines 62--63

 []

)
Package babel Info: Redefining dutch shorthand "|
(babel)             in language  on input line 78.
Package babel Info: Redefining dutch shorthand "~
(babel)             in language  on input line 78.
Package babel Info: Redefining dutch shorthand "y
(babel)             in language  on input line 78.
Package babel Info: Redefining dutch shorthand "Y
(babel)             in language  on input line 78.
Package babel Info: Redefining dutch shorthand "|
(babel)             in language  on input line 78.
Package babel Info: Redefining dutch shorthand "~
(babel)             in language  on input line 78.
Package babel Info: Redefining dutch shorthand "y
(babel)             in language  on input line 78.
Package babel Info: Redefining dutch shorthand "Y
(babel)             in language  on input line 78.
 [5]
\openout2 = `doelstelling.aux'.

 (./doelstelling.tex
Package babel Info: Redefining dutch shorthand "|
(babel)             in language  on input line 1.
Package babel Info: Redefining dutch shorthand "~
(babel)             in language  on input line 1.
Package babel Info: Redefining dutch shorthand "y
(babel)             in language  on input line 1.
Package babel Info: Redefining dutch shorthand "Y
(babel)             in language  on input line 1.
Package babel Info: Redefining dutch shorthand "|
(babel)             in language  on input line 1.
Package babel Info: Redefining dutch shorthand "~
(babel)             in language  on input line 1.
Package babel Info: Redefining dutch shorthand "y
(babel)             in language  on input line 1.
Package babel Info: Redefining dutch shorthand "Y
(babel)             in language  on input line 1.
 [6



]
Package babel Info: Redefining dutch shorthand "|
(babel)             in language  on input line 1.
Package babel Info: Redefining dutch shorthand "~
(babel)             in language  on input line 1.
Package babel Info: Redefining dutch shorthand "y
(babel)             in language  on input line 1.
Package babel Info: Redefining dutch shorthand "Y
(babel)             in language  on input line 1.

Underfull \hbox (badness 10000) in paragraph at lines 2--3

 []


Underfull \hbox (badness 10000) in paragraph at lines 4--5

 []


Underfull \hbox (badness 10000) in paragraph at lines 6--7

 []

Package babel Info: Redefining dutch shorthand "|
(babel)             in language  on input line 11.
Package babel Info: Redefining dutch shorthand "~
(babel)             in language  on input line 11.
Package babel Info: Redefining dutch shorthand "y
(babel)             in language  on input line 11.
Package babel Info: Redefining dutch shorthand "Y
(babel)             in language  on input line 11.

Underfull \hbox (badness 10000) in paragraph at lines 12--13

 []

Package babel Info: Redefining dutch shorthand "|
(babel)             in language  on input line 13.
Package babel Info: Redefining dutch shorthand "~
(babel)             in language  on input line 13.
Package babel Info: Redefining dutch shorthand "y
(babel)             in language  on input line 13.
Package babel Info: Redefining dutch shorthand "Y
(babel)             in language  on input line 13.
Package babel Info: Redefining dutch shorthand "|
(babel)             in language  on input line 13.
Package babel Info: Redefining dutch shorthand "~
(babel)             in language  on input line 13.
Package babel Info: Redefining dutch shorthand "y
(babel)             in language  on input line 13.
Package babel Info: Redefining dutch shorthand "Y
(babel)             in language  on input line 13.
[7]

LaTeX Warning: Reference `documentatie' on page 8 undefined on input line 15.


Underfull \hbox (badness 10000) in paragraph at lines 15--16

 []


Underfull \hbox (badness 10000) in paragraph at lines 28--29

 []


Underfull \hbox (badness 10000) in paragraph at lines 30--31

 []

Package babel Info: Redefining dutch shorthand "|
(babel)             in language  on input line 31.
Package babel Info: Redefining dutch shorthand "~
(babel)             in language  on input line 31.
Package babel Info: Redefining dutch shorthand "y
(babel)             in language  on input line 31.
Package babel Info: Redefining dutch shorthand "Y
(babel)             in language  on input line 31.
Package babel Info: Redefining dutch shorthand "|
(babel)             in language  on input line 31.
Package babel Info: Redefining dutch shorthand "~
(babel)             in language  on input line 31.
Package babel Info: Redefining dutch shorthand "y
(babel)             in language  on input line 31.
Package babel Info: Redefining dutch shorthand "Y
(babel)             in language  on input line 31.
[8]
Underfull \hbox (badness 10000) in paragraph at lines 32--33

 []


Underfull \hbox (badness 10000) in paragraph at lines 37--38

 []


Underfull \hbox (badness 10000) in paragraph at lines 39--40

 []

Package babel Info: Redefining dutch shorthand "|
(babel)             in language  on input line 48.
Package babel Info: Redefining dutch shorthand "~
(babel)             in language  on input line 48.
Package babel Info: Redefining dutch shorthand "y
(babel)             in language  on input line 48.
Package babel Info: Redefining dutch shorthand "Y
(babel)             in language  on input line 48.
Package babel Info: Redefining dutch shorthand "|
(babel)             in language  on input line 48.
Package babel Info: Redefining dutch shorthand "~
(babel)             in language  on input line 48.
Package babel Info: Redefining dutch shorthand "y
(babel)             in language  on input line 48.
Package babel Info: Redefining dutch shorthand "Y
(babel)             in language  on input line 48.
[9]
Underfull \hbox (badness 10000) in paragraph at lines 51--52

 []


Underfull \hbox (badness 10000) in paragraph at lines 53--54

 []


Underfull \hbox (badness 10000) in paragraph at lines 60--61

 []

Package babel Info: Redefining dutch shorthand "|
(babel)             in language  on input line 66.
Package babel Info: Redefining dutch shorthand "~
(babel)             in language  on input line 66.
Package babel Info: Redefining dutch shorthand "y
(babel)             in language  on input line 66.
Package babel Info: Redefining dutch shorthand "Y
(babel)             in language  on input line 66.
Package babel Info: Redefining dutch shorthand "|
(babel)             in language  on input line 68.
Package babel Info: Redefining dutch shorthand "~
(babel)             in language  on input line 68.
Package babel Info: Redefining dutch shorthand "y
(babel)             in language  on input line 68.
Package babel Info: Redefining dutch shorthand "Y
(babel)             in language  on input line 68.
Package babel Info: Redefining dutch shorthand "|
(babel)             in language  on input line 68.
Package babel Info: Redefining dutch shorthand "~
(babel)             in language  on input line 68.
Package babel Info: Redefining dutch shorthand "y
(babel)             in language  on input line 68.
Package babel Info: Redefining dutch shorthand "Y
(babel)             in language  on input line 68.
[10])
Package babel Info: Redefining dutch shorthand "|
(babel)             in language  on input line 79.
Package babel Info: Redefining dutch shorthand "~
(babel)             in language  on input line 79.
Package babel Info: Redefining dutch shorthand "y
(babel)             in language  on input line 79.
Package babel Info: Redefining dutch shorthand "Y
(babel)             in language  on input line 79.
Package babel Info: Redefining dutch shorthand "|
(babel)             in language  on input line 79.
Package babel Info: Redefining dutch shorthand "~
(babel)             in language  on input line 79.
Package babel Info: Redefining dutch shorthand "y
(babel)             in language  on input line 79.
Package babel Info: Redefining dutch shorthand "Y
(babel)             in language  on input line 79.
 [11]
\openout2 = `architectuur.aux'.

 (./architectuur.tex
Package babel Info: Redefining dutch shorthand "|
(babel)             in language  on input line 1.
Package babel Info: Redefining dutch shorthand "~
(babel)             in language  on input line 1.
Package babel Info: Redefining dutch shorthand "y
(babel)             in language  on input line 1.
Package babel Info: Redefining dutch shorthand "Y
(babel)             in language  on input line 1.
Package babel Info: Redefining dutch shorthand "|
(babel)             in language  on input line 1.
Package babel Info: Redefining dutch shorthand "~
(babel)             in language  on input line 1.
Package babel Info: Redefining dutch shorthand "y
(babel)             in language  on input line 1.
Package babel Info: Redefining dutch shorthand "Y
(babel)             in language  on input line 1.
 [12



]
Package babel Info: Redefining dutch shorthand "|
(babel)             in language  on input line 1.
Package babel Info: Redefining dutch shorthand "~
(babel)             in language  on input line 1.
Package babel Info: Redefining dutch shorthand "y
(babel)             in language  on input line 1.
Package babel Info: Redefining dutch shorthand "Y
(babel)             in language  on input line 1.
Package babel Info: Redefining dutch shorthand "|
(babel)             in language  on input line 3.
Package babel Info: Redefining dutch shorthand "~
(babel)             in language  on input line 3.
Package babel Info: Redefining dutch shorthand "y
(babel)             in language  on input line 3.
Package babel Info: Redefining dutch shorthand "Y
(babel)             in language  on input line 3.

Underfull \hbox (badness 10000) in paragraph at lines 4--6

 []

File: Afbeeldingen/Architectuur/Component.png Graphic file (type QTm)
<use  "Afbeeldingen/Architectuur/Component.png" >

LaTeX Warning: `!h' float specifier changed to `!ht'.

File: Afbeeldingen/Architectuur/Deployment.png Graphic file (type QTm)
<use  "Afbeeldingen/Architectuur/Deployment.png" >

LaTeX Warning: `!h' float specifier changed to `!ht'.

Package babel Info: Redefining dutch shorthand "|
(babel)             in language  on input line 37.
Package babel Info: Redefining dutch shorthand "~
(babel)             in language  on input line 37.
Package babel Info: Redefining dutch shorthand "y
(babel)             in language  on input line 37.
Package babel Info: Redefining dutch shorthand "Y
(babel)             in language  on input line 37.
Package babel Info: Redefining dutch shorthand "|
(babel)             in language  on input line 37.
Package babel Info: Redefining dutch shorthand "~
(babel)             in language  on input line 37.
Package babel Info: Redefining dutch shorthand "y
(babel)             in language  on input line 37.
Package babel Info: Redefining dutch shorthand "Y
(babel)             in language  on input line 37.
[13]
Underfull \vbox (badness 10000) has occurred while \output is active []

Package babel Info: Redefining dutch shorthand "|
(babel)             in language  on input line 39.
Package babel Info: Redefining dutch shorthand "~
(babel)             in language  on input line 39.
Package babel Info: Redefining dutch shorthand "y
(babel)             in language  on input line 39.
Package babel Info: Redefining dutch shorthand "Y
(babel)             in language  on input line 39.
Package babel Info: Redefining dutch shorthand "|
(babel)             in language  on input line 39.
Package babel Info: Redefining dutch shorthand "~
(babel)             in language  on input line 39.
Package babel Info: Redefining dutch shorthand "y
(babel)             in language  on input line 39.
Package babel Info: Redefining dutch shorthand "Y
(babel)             in language  on input line 39.
 [14]
Underfull \hbox (badness 10000) in paragraph at lines 44--45

 []


Underfull \hbox (badness 10000) in paragraph at lines 55--56

 []


Overfull \hbox (6.4915pt too wide) in paragraph at lines 58--59
[]\T1/lmr/bx/n/10.95 Data avai-la-bi-lity[] \T1/lmr/m/n/10.95 Smartpho-nes val-
len wel-eens zon-der in-ter-net con-nec-ti-vi-teit. Trac-
 []

Package babel Info: Redefining dutch shorthand "|
(babel)             in language  on input line 63.
Package babel Info: Redefining dutch shorthand "~
(babel)             in language  on input line 63.
Package babel Info: Redefining dutch shorthand "y
(babel)             in language  on input line 63.
Package babel Info: Redefining dutch shorthand "Y
(babel)             in language  on input line 63.
Package babel Info: Redefining dutch shorthand "|
(babel)             in language  on input line 63.
Package babel Info: Redefining dutch shorthand "~
(babel)             in language  on input line 63.
Package babel Info: Redefining dutch shorthand "y
(babel)             in language  on input line 63.
Package babel Info: Redefining dutch shorthand "Y
(babel)             in language  on input line 63.
[15]
Underfull \hbox (badness 10000) in paragraph at lines 66--69

 []


Underfull \hbox (badness 10000) in paragraph at lines 73--74

 []

Package babel Info: Redefining dutch shorthand "|
(babel)             in language  on input line 78.
Package babel Info: Redefining dutch shorthand "~
(babel)             in language  on input line 78.
Package babel Info: Redefining dutch shorthand "y
(babel)             in language  on input line 78.
Package babel Info: Redefining dutch shorthand "Y
(babel)             in language  on input line 78.
Package babel Info: Redefining dutch shorthand "|
(babel)             in language  on input line 78.
Package babel Info: Redefining dutch shorthand "~
(babel)             in language  on input line 78.
Package babel Info: Redefining dutch shorthand "y
(babel)             in language  on input line 78.
Package babel Info: Redefining dutch shorthand "Y
(babel)             in language  on input line 78.
[16]
Underfull \hbox (badness 10000) in paragraph at lines 81--83

 []


Overfull \hbox (2.63928pt too wide) in paragraph at lines 90--94
\T1/lmr/m/n/10.95 De Trac-k-ly-tics-Bac-kend com-po-nent re-pre-sen-teert de se
r-ver kant van de li-brary. Hierop
 []

Package babel Info: Redefining dutch shorthand "|
(babel)             in language  on input line 94.
Package babel Info: Redefining dutch shorthand "~
(babel)             in language  on input line 94.
Package babel Info: Redefining dutch shorthand "y
(babel)             in language  on input line 94.
Package babel Info: Redefining dutch shorthand "Y
(babel)             in language  on input line 94.
Package babel Info: Redefining dutch shorthand "|
(babel)             in language  on input line 94.
Package babel Info: Redefining dutch shorthand "~
(babel)             in language  on input line 94.
Package babel Info: Redefining dutch shorthand "y
(babel)             in language  on input line 94.
Package babel Info: Redefining dutch shorthand "Y
(babel)             in language  on input line 94.
[17]
Underfull \hbox (badness 10000) in paragraph at lines 96--97

 []

File: Afbeeldingen/Architectuur/FlowDiagram1.png Graphic file (type QTm)
<use  "Afbeeldingen/Architectuur/FlowDiagram1.png" >
File: Afbeeldingen/Architectuur/FlowDiagram2.png Graphic file (type QTm)

<use  "Afbeeldingen/Architectuur/FlowDiagram2.png" >
Underfull \hbox (badness 10000) in paragraph at lines 121--122

 []


Underfull \hbox (badness 10000) in paragraph at lines 123--124

 []

Package babel Info: Redefining dutch shorthand "|
(babel)             in language  on input line 124.
Package babel Info: Redefining dutch shorthand "~
(babel)             in language  on input line 124.
Package babel Info: Redefining dutch shorthand "y
(babel)             in language  on input line 124.
Package babel Info: Redefining dutch shorthand "Y
(babel)             in language  on input line 124.
Package babel Info: Redefining dutch shorthand "|
(babel)             in language  on input line 124.
Package babel Info: Redefining dutch shorthand "~
(babel)             in language  on input line 124.
Package babel Info: Redefining dutch shorthand "y
(babel)             in language  on input line 124.
Package babel Info: Redefining dutch shorthand "Y
(babel)             in language  on input line 124.
[18]
Underfull \hbox (badness 10000) in paragraph at lines 125--126

 []

File: Afbeeldingen/Architectuur/FlowDiagram3.png Graphic file (type QTm)
<use  "Afbeeldingen/Architectuur/FlowDiagram3.png" >
Overfull \hbox (41.98122pt too wide) in paragraph at lines 132--133
 [][] 
 []

)
Package babel Info: Redefining dutch shorthand "|
(babel)             in language  on input line 80.
Package babel Info: Redefining dutch shorthand "~
(babel)             in language  on input line 80.
Package babel Info: Redefining dutch shorthand "y
(babel)             in language  on input line 80.
Package babel Info: Redefining dutch shorthand "Y
(babel)             in language  on input line 80.
Package babel Info: Redefining dutch shorthand "|
(babel)             in language  on input line 80.
Package babel Info: Redefining dutch shorthand "~
(babel)             in language  on input line 80.
Package babel Info: Redefining dutch shorthand "y
(babel)             in language  on input line 80.
Package babel Info: Redefining dutch shorthand "Y
(babel)             in language  on input line 80.
 [19]
\openout2 = `implementatie.aux'.

 (./implementatie.tex
Package babel Info: Redefining dutch shorthand "|
(babel)             in language  on input line 1.
Package babel Info: Redefining dutch shorthand "~
(babel)             in language  on input line 1.
Package babel Info: Redefining dutch shorthand "y
(babel)             in language  on input line 1.
Package babel Info: Redefining dutch shorthand "Y
(babel)             in language  on input line 1.
Package babel Info: Redefining dutch shorthand "|
(babel)             in language  on input line 1.
Package babel Info: Redefining dutch shorthand "~
(babel)             in language  on input line 1.
Package babel Info: Redefining dutch shorthand "y
(babel)             in language  on input line 1.
Package babel Info: Redefining dutch shorthand "Y
(babel)             in language  on input line 1.
 [20



]
Package babel Info: Redefining dutch shorthand "|
(babel)             in language  on input line 1.
Package babel Info: Redefining dutch shorthand "~
(babel)             in language  on input line 1.
Package babel Info: Redefining dutch shorthand "y
(babel)             in language  on input line 1.
Package babel Info: Redefining dutch shorthand "Y
(babel)             in language  on input line 1.
Package babel Info: Redefining dutch shorthand "|
(babel)             in language  on input line 5.
Package babel Info: Redefining dutch shorthand "~
(babel)             in language  on input line 5.
Package babel Info: Redefining dutch shorthand "y
(babel)             in language  on input line 5.
Package babel Info: Redefining dutch shorthand "Y
(babel)             in language  on input line 5.

Underfull \hbox (badness 10000) in paragraph at lines 9--11

 []

Package babel Info: Redefining dutch shorthand "|
(babel)             in language  on input line 14.
Package babel Info: Redefining dutch shorthand "~
(babel)             in language  on input line 14.
Package babel Info: Redefining dutch shorthand "y
(babel)             in language  on input line 14.
Package babel Info: Redefining dutch shorthand "Y
(babel)             in language  on input line 14.
Package babel Info: Redefining dutch shorthand "|
(babel)             in language  on input line 14.
Package babel Info: Redefining dutch shorthand "~
(babel)             in language  on input line 14.
Package babel Info: Redefining dutch shorthand "y
(babel)             in language  on input line 14.
Package babel Info: Redefining dutch shorthand "Y
(babel)             in language  on input line 14.
[21]
Underfull \hbox (badness 10000) in paragraph at lines 15--16

 []


Underfull \hbox (badness 10000) in paragraph at lines 21--22

 []


Underfull \hbox (badness 10000) in paragraph at lines 24--25

 []


Underfull \hbox (badness 10000) in paragraph at lines 29--31

 []

Package babel Info: Redefining dutch shorthand "|
(babel)             in language  on input line 32.
Package babel Info: Redefining dutch shorthand "~
(babel)             in language  on input line 32.
Package babel Info: Redefining dutch shorthand "y
(babel)             in language  on input line 32.
Package babel Info: Redefining dutch shorthand "Y
(babel)             in language  on input line 32.
Package babel Info: Redefining dutch shorthand "|
(babel)             in language  on input line 32.
Package babel Info: Redefining dutch shorthand "~
(babel)             in language  on input line 32.
Package babel Info: Redefining dutch shorthand "y
(babel)             in language  on input line 32.
Package babel Info: Redefining dutch shorthand "Y
(babel)             in language  on input line 32.
[22]
Underfull \hbox (badness 10000) in paragraph at lines 32--33

 []


Underfull \hbox (badness 10000) in paragraph at lines 34--35

 []


Underfull \hbox (badness 10000) in paragraph at lines 38--39

 []

Package babel Info: Redefining dutch shorthand "|
(babel)             in language  on input line 42.
Package babel Info: Redefining dutch shorthand "~
(babel)             in language  on input line 42.
Package babel Info: Redefining dutch shorthand "y
(babel)             in language  on input line 42.
Package babel Info: Redefining dutch shorthand "Y
(babel)             in language  on input line 42.
Package babel Info: Redefining dutch shorthand "|
(babel)             in language  on input line 42.
Package babel Info: Redefining dutch shorthand "~
(babel)             in language  on input line 42.
Package babel Info: Redefining dutch shorthand "y
(babel)             in language  on input line 42.
Package babel Info: Redefining dutch shorthand "Y
(babel)             in language  on input line 42.
[23]
Underfull \hbox (badness 10000) in paragraph at lines 50--51

 []


Underfull \hbox (badness 10000) in paragraph at lines 53--55

 []

Package babel Info: Redefining dutch shorthand "|
(babel)             in language  on input line 57.
Package babel Info: Redefining dutch shorthand "~
(babel)             in language  on input line 57.
Package babel Info: Redefining dutch shorthand "y
(babel)             in language  on input line 57.
Package babel Info: Redefining dutch shorthand "Y
(babel)             in language  on input line 57.
File: Afbeeldingen/Implementatie/ClassDiagram.png Graphic file (type QTm)
<use  "Afbeeldingen/Implementatie/ClassDiagram.png" >
Overfull \hbox (73.29375pt too wide) in paragraph at lines 60--61
 [][] 
 []


Underfull \vbox (badness 10000) has occurred while \output is active []

Package babel Info: Redefining dutch shorthand "|
(babel)             in language  on input line 63.
Package babel Info: Redefining dutch shorthand "~
(babel)             in language  on input line 63.
Package babel Info: Redefining dutch shorthand "y
(babel)             in language  on input line 63.
Package babel Info: Redefining dutch shorthand "Y
(babel)             in language  on input line 63.
Package babel Info: Redefining dutch shorthand "|
(babel)             in language  on input line 63.
Package babel Info: Redefining dutch shorthand "~
(babel)             in language  on input line 63.
Package babel Info: Redefining dutch shorthand "y
(babel)             in language  on input line 63.
Package babel Info: Redefining dutch shorthand "Y
(babel)             in language  on input line 63.
 [24]
Package babel Info: Redefining dutch shorthand "|
(babel)             in language  on input line 75.
Package babel Info: Redefining dutch shorthand "~
(babel)             in language  on input line 75.
Package babel Info: Redefining dutch shorthand "y
(babel)             in language  on input line 75.
Package babel Info: Redefining dutch shorthand "Y
(babel)             in language  on input line 75.
Package babel Info: Redefining dutch shorthand "|
(babel)             in language  on input line 75.
Package babel Info: Redefining dutch shorthand "~
(babel)             in language  on input line 75.
Package babel Info: Redefining dutch shorthand "y
(babel)             in language  on input line 75.
Package babel Info: Redefining dutch shorthand "Y
(babel)             in language  on input line 75.

[25]
Package babel Info: Redefining dutch shorthand "|
(babel)             in language  on input line 91.
Package babel Info: Redefining dutch shorthand "~
(babel)             in language  on input line 91.
Package babel Info: Redefining dutch shorthand "y
(babel)             in language  on input line 91.
Package babel Info: Redefining dutch shorthand "Y
(babel)             in language  on input line 91.
Package babel Info: Redefining dutch shorthand "|
(babel)             in language  on input line 91.
Package babel Info: Redefining dutch shorthand "~
(babel)             in language  on input line 91.
Package babel Info: Redefining dutch shorthand "y
(babel)             in language  on input line 91.
Package babel Info: Redefining dutch shorthand "Y
(babel)             in language  on input line 91.
 [26]
Package babel Info: Redefining dutch shorthand "|
(babel)             in language  on input line 99.
Package babel Info: Redefining dutch shorthand "~
(babel)             in language  on input line 99.
Package babel Info: Redefining dutch shorthand "y
(babel)             in language  on input line 99.
Package babel Info: Redefining dutch shorthand "Y
(babel)             in language  on input line 99.

Underfull \hbox (badness 10000) in paragraph at lines 107--108

 []

Package babel Info: Redefining dutch shorthand "|
(babel)             in language  on input line 108.
Package babel Info: Redefining dutch shorthand "~
(babel)             in language  on input line 108.
Package babel Info: Redefining dutch shorthand "y
(babel)             in language  on input line 108.
Package babel Info: Redefining dutch shorthand "Y
(babel)             in language  on input line 108.
Package babel Info: Redefining dutch shorthand "|
(babel)             in language  on input line 108.
Package babel Info: Redefining dutch shorthand "~
(babel)             in language  on input line 108.
Package babel Info: Redefining dutch shorthand "y
(babel)             in language  on input line 108.
Package babel Info: Redefining dutch shorthand "Y
(babel)             in language  on input line 108.
[27]
Package babel Info: Redefining dutch shorthand "|
(babel)             in language  on input line 132.
Package babel Info: Redefining dutch shorthand "~
(babel)             in language  on input line 132.
Package babel Info: Redefining dutch shorthand "y
(babel)             in language  on input line 132.
Package babel Info: Redefining dutch shorthand "Y
(babel)             in language  on input line 132.
Package babel Info: Redefining dutch shorthand "|
(babel)             in language  on input line 132.
Package babel Info: Redefining dutch shorthand "~
(babel)             in language  on input line 132.
Package babel Info: Redefining dutch shorthand "y
(babel)             in language  on input line 132.
Package babel Info: Redefining dutch shorthand "Y
(babel)             in language  on input line 132.
 [28]
Underfull \hbox (badness 10000) in paragraph at lines 150--151

 []


Underfull \hbox (badness 10000) in paragraph at lines 152--153

 []


Overfull \hbox (9.00995pt too wide) in paragraph at lines 154--157
\T1/lmtt/m/n/10.95 ble:(id<MeterInterface>) in-ter-face wit-h-Ti-meIn-ter-val:(
NSTimeInterval) in-
 []

Package babel Info: Redefining dutch shorthand "|
(babel)             in language  on input line 157.
Package babel Info: Redefining dutch shorthand "~
(babel)             in language  on input line 157.
Package babel Info: Redefining dutch shorthand "y
(babel)             in language  on input line 157.
Package babel Info: Redefining dutch shorthand "Y
(babel)             in language  on input line 157.
Package babel Info: Redefining dutch shorthand "|
(babel)             in language  on input line 157.
Package babel Info: Redefining dutch shorthand "~
(babel)             in language  on input line 157.
Package babel Info: Redefining dutch shorthand "y
(babel)             in language  on input line 157.
Package babel Info: Redefining dutch shorthand "Y
(babel)             in language  on input line 157.
[29]
Package babel Info: Redefining dutch shorthand "|
(babel)             in language  on input line 170.
Package babel Info: Redefining dutch shorthand "~
(babel)             in language  on input line 170.
Package babel Info: Redefining dutch shorthand "y
(babel)             in language  on input line 170.
Package babel Info: Redefining dutch shorthand "Y
(babel)             in language  on input line 170.
Package babel Info: Redefining dutch shorthand "|
(babel)             in language  on input line 177.
Package babel Info: Redefining dutch shorthand "~
(babel)             in language  on input line 177.
Package babel Info: Redefining dutch shorthand "y
(babel)             in language  on input line 177.
Package babel Info: Redefining dutch shorthand "Y
(babel)             in language  on input line 177.
Package babel Info: Redefining dutch shorthand "|
(babel)             in language  on input line 177.
Package babel Info: Redefining dutch shorthand "~
(babel)             in language  on input line 177.
Package babel Info: Redefining dutch shorthand "y
(babel)             in language  on input line 177.
Package babel Info: Redefining dutch shorthand "Y
(babel)             in language  on input line 177.
 [30]
Underfull \hbox (badness 10000) in paragraph at lines 178--179

 []


Underfull \hbox (badness 10000) in paragraph at lines 187--188

 []


Underfull \hbox (badness 10000) in paragraph at lines 189--190

 []

Package babel Info: Redefining dutch shorthand "|
(babel)             in language  on input line 190.
Package babel Info: Redefining dutch shorthand "~
(babel)             in language  on input line 190.
Package babel Info: Redefining dutch shorthand "y
(babel)             in language  on input line 190.
Package babel Info: Redefining dutch shorthand "Y
(babel)             in language  on input line 190.
Package babel Info: Redefining dutch shorthand "|
(babel)             in language  on input line 190.
Package babel Info: Redefining dutch shorthand "~
(babel)             in language  on input line 190.
Package babel Info: Redefining dutch shorthand "y
(babel)             in language  on input line 190.
Package babel Info: Redefining dutch shorthand "Y
(babel)             in language  on input line 190.
[31]
Underfull \hbox (badness 10000) in paragraph at lines 191--192

 []


Underfull \hbox (badness 10000) in paragraph at lines 193--194

 []

Package babel Info: Redefining dutch shorthand "|
(babel)             in language  on input line 203.
Package babel Info: Redefining dutch shorthand "~
(babel)             in language  on input line 203.
Package babel Info: Redefining dutch shorthand "y
(babel)             in language  on input line 203.
Package babel Info: Redefining dutch shorthand "Y
(babel)             in language  on input line 203.
Package babel Info: Redefining dutch shorthand "|
(babel)             in language  on input line 203.
Package babel Info: Redefining dutch shorthand "~
(babel)             in language  on input line 203.
Package babel Info: Redefining dutch shorthand "y
(babel)             in language  on input line 203.
Package babel Info: Redefining dutch shorthand "Y
(babel)             in language  on input line 203.
[32]
Underfull \hbox (badness 10000) in paragraph at lines 204--205

 []


Underfull \hbox (badness 10000) in paragraph at lines 206--207

 []


Underfull \hbox (badness 10000) in paragraph at lines 208--209

 []

)
Package babel Info: Redefining dutch shorthand "|
(babel)             in language  on input line 81.
Package babel Info: Redefining dutch shorthand "~
(babel)             in language  on input line 81.
Package babel Info: Redefining dutch shorthand "y
(babel)             in language  on input line 81.
Package babel Info: Redefining dutch shorthand "Y
(babel)             in language  on input line 81.
Package babel Info: Redefining dutch shorthand "|
(babel)             in language  on input line 81.
Package babel Info: Redefining dutch shorthand "~
(babel)             in language  on input line 81.
Package babel Info: Redefining dutch shorthand "y
(babel)             in language  on input line 81.
Package babel Info: Redefining dutch shorthand "Y
(babel)             in language  on input line 81.
 [33]
Package babel Info: Redefining dutch shorthand "|
(babel)             in language  on input line 93.
Package babel Info: Redefining dutch shorthand "~
(babel)             in language  on input line 93.
Package babel Info: Redefining dutch shorthand "y
(babel)             in language  on input line 93.
Package babel Info: Redefining dutch shorthand "Y
(babel)             in language  on input line 93.
Package babel Info: Redefining dutch shorthand "|
(babel)             in language  on input line 93.
Package babel Info: Redefining dutch shorthand "~
(babel)             in language  on input line 93.
Package babel Info: Redefining dutch shorthand "y
(babel)             in language  on input line 93.
Package babel Info: Redefining dutch shorthand "Y
(babel)             in language  on input line 93.
 [34


] (./masterproef.bbl
Package babel Info: Redefining dutch shorthand "|
(babel)             in language  on input line 1.
Package babel Info: Redefining dutch shorthand "~
(babel)             in language  on input line 1.
Package babel Info: Redefining dutch shorthand "y
(babel)             in language  on input line 1.
Package babel Info: Redefining dutch shorthand "Y
(babel)             in language  on input line 1.

bibitemlist
)
Package babel Info: Redefining dutch shorthand "|
(babel)             in language  on input line 101.
Package babel Info: Redefining dutch shorthand "~
(babel)             in language  on input line 101.
Package babel Info: Redefining dutch shorthand "y
(babel)             in language  on input line 101.
Package babel Info: Redefining dutch shorthand "Y
(babel)             in language  on input line 101.
Package babel Info: Redefining dutch shorthand "|
(babel)             in language  on input line 101.
Package babel Info: Redefining dutch shorthand "~
(babel)             in language  on input line 101.
Package babel Info: Redefining dutch shorthand "y
(babel)             in language  on input line 101.
Package babel Info: Redefining dutch shorthand "Y
(babel)             in language  on input line 101.
 [35

]
Package babel Info: Redefining dutch shorthand "|
(babel)             in language  on input line 101.
Package babel Info: Redefining dutch shorthand "~
(babel)             in language  on input line 101.
Package babel Info: Redefining dutch shorthand "y
(babel)             in language  on input line 101.
Package babel Info: Redefining dutch shorthand "Y
(babel)             in language  on input line 101.
Package babel Info: Redefining dutch shorthand "|
(babel)             in language  on input line 101.
Package babel Info: Redefining dutch shorthand "~
(babel)             in language  on input line 101.
Package babel Info: Redefining dutch shorthand "y
(babel)             in language  on input line 101.
Package babel Info: Redefining dutch shorthand "Y
(babel)             in language  on input line 101.
 [36

]
\tf@toc=\write5
\openout5 = `masterproef.toc'.

\tf@lof=\write6
\openout6 = `masterproef.lof'.

\tf@lot=\write7
\openout7 = `masterproef.lot'.

Package atveryend Info: Empty hook `BeforeClearDocument' on input line 101.
Package atveryend Info: Empty hook `AfterLastShipout' on input line 101.
 (./masterproef.aux (./context.aux) (./doelstelling.aux)
(./architectuur.aux) (./implementatie.aux))
Package atveryend Info: Empty hook `AtVeryEndDocument' on input line 101.
Package atveryend Info: Empty hook `AtEndAfterFileList' on input line 101.


LaTeX Warning: There were undefined references.


LaTeX Warning: Label(s) may have changed. Rerun to get cross-references right.

Package atveryend Info: Empty hook `AtVeryVeryEnd' on input line 101.
 ) 
Here is how much of TeX's memory you used:
 12797 strings out of 493706
 180386 string characters out of 6145768
 395684 words of memory out of 5000000
 15978 multiletter control sequences out of 15000+600000
 62245 words of font info for 46 fonts, out of 8000000 for 9000
 1328 hyphenation exceptions out of 8191
 35i,12n,48p,2171b,416s stack positions out of 5000i,500n,10000p,200000b,80000s

Output written on masterproef.pdf (42 pages).
